<?xml version="1.0" encoding="UTF-8"?>
<testsuite xmlns:xsi="http://www.w3.org/2001/XMLSchema-instance" xsi:noNamespaceSchemaLocation="https://maven.apache.org/surefire/maven-surefire-plugin/xsd/surefire-test-report-3.0.xsd" version="3.0" name="com.gerenciamento.produtos.AppTest" time="0.067" tests="1" errors="0" skipped="0" failures="0">
  <properties>
    <property name="java.specification.version" value="20"/>
    <property name="sun.cpu.isalist" value="amd64"/>
    <property name="sun.jnu.encoding" value="UTF-8"/>
    <property name="java.class.path" value="C:\00 - PROJETOS\Java_Helmet\gerenciamento-produtos\target\test-classes;C:\00 - PROJETOS\Java_Helmet\gerenciamento-produtos\target\classes;C:\Users\Joao Pedro\.m2\repository\junit\junit\3.8.1\junit-3.8.1.jar;C:\Users\Joao Pedro\.m2\repository\mysql\mysql-connector-j\810\mysql-connector-j-810.jar;"/>
    <property name="java.vm.vendor" value="Oracle Corporation"/>
    <property name="sun.arch.data.model" value="64"/>
    <property name="user.variant" value=""/>
    <property name="java.vendor.url" value="https://java.oracle.com/"/>
    <property name="user.timezone" value="America/Sao_Paulo"/>
    <property name="os.name" value="Windows 10"/>
    <property name="java.vm.specification.version" value="20"/>
    <property name="user.country" value="BR"/>
    <property name="sun.java.launcher" value="SUN_STANDARD"/>
    <property name="sun.boot.library.path" value="C:\Program Files\Java\jdk-20\bin"/>
    <property name="sun.java.command" value="C:\Users\Joao Pedro\AppData\Local\Temp\surefire5998540338764470409\surefirebooter-20230816105710456_3.jar C:\Users\Joao Pedro\AppData\Local\Temp\surefire5998540338764470409 2023-08-16T10-57-09_863-jvmRun1 surefire-20230816105710456_1tmp surefire_0-20230816105710456_2tmp"/>
    <property name="jdk.debug" value="release"/>
    <property name="surefire.test.class.path" value="C:\00 - PROJETOS\Java_Helmet\gerenciamento-produtos\target\test-classes;C:\00 - PROJETOS\Java_Helmet\gerenciamento-produtos\target\classes;C:\Users\Joao Pedro\.m2\repository\junit\junit\3.8.1\junit-3.8.1.jar;C:\Users\Joao Pedro\.m2\repository\mysql\mysql-connector-j\810\mysql-connector-j-810.jar;"/>
    <property name="sun.cpu.endian" value="little"/>
    <property name="user.home" value="C:\Users\Joao Pedro"/>
    <property name="user.language" value="pt"/>
    <property name="java.specification.vendor" value="Oracle Corporation"/>
    <property name="java.version.date" value="2023-07-18"/>
    <property name="java.home" value="C:\Program Files\Java\jdk-20"/>
    <property name="file.separator" value="\"/>
    <property name="basedir" value="C:\00 - PROJETOS\Java_Helmet\gerenciamento-produtos"/>
    <property name="java.vm.compressedOopsMode" value="32-bit"/>
    <property name="line.separator" value="&#10;"/>
    <property name="java.vm.specification.vendor" value="Oracle Corporation"/>
    <property name="java.specification.name" value="Java Platform API Specification"/>
    <property name="surefire.real.class.path" value="C:\Users\Joao Pedro\AppData\Local\Temp\surefire5998540338764470409\surefirebooter-20230816105710456_3.jar"/>
    <property name="user.script" value=""/>
    <property name="sun.management.compiler" value="HotSpot 64-Bit Tiered Compilers"/>
    <property name="java.runtime.version" value="20.0.2+9-78"/>
    <property name="user.name" value="Joao Pedro"/>
    <property name="stdout.encoding" value="UTF-8"/>
    <property name="path.separator" value=";"/>
    <property name="os.version" value="10.0"/>
    <property name="java.runtime.name" value="Java(TM) SE Runtime Environment"/>
    <property name="file.encoding" value="UTF-8"/>
    <property name="java.vm.name" value="Java HotSpot(TM) 64-Bit Server VM"/>
    <property name="maven.ext.class.path" value="C:\Program Files\NetBeans-18\netbeans\java\maven-nblib\netbeans-eventspy.jar"/>
    <property name="localRepository" value="C:\Users\Joao Pedro\.m2\repository"/>
    <property name="java.vendor.url.bug" value="https://bugreport.java.com/bugreport/"/>
    <property name="java.io.tmpdir" value="C:\Users\JOAOPE~1\AppData\Local\Temp\"/>
    <property name="java.version" value="20.0.2"/>
    <property name="user.dir" value="C:\00 - PROJETOS\Java_Helmet\gerenciamento-produtos"/>
    <property name="os.arch" value="amd64"/>
    <property name="java.vm.specification.name" value="Java Virtual Machine Specification"/>
    <property name="sun.os.patch.level" value=""/>
    <property name="native.encoding" value="UTF-8"/>
    <property name="java.library.path" value="C:\Program Files\Java\jdk-20\bin;C:\Windows\Sun\Java\bin;C:\Windows\system32;C:\Windows;C:\Program Files\Common Files\Oracle\Java\javapath;C:\Windows\system32;C:\Windows;C:\Windows\System32\Wbem;C:\Windows\System32\WindowsPowerShell\v1.0\;C:\Windows\System32\OpenSSH\;C:\Users\Joao Pedro\AppData\Local\Programs\Python\Python311;C:\Program Files\MySQL\MySQL Server 8.0;C:\ProgramData\MySQL\MySQL Server 8.0\my.init;C:\Users\Joao Pedro\AppData\Local\Programs\Python\Python311\Scripts;C:\Program Files\Git\cmd;C:\Program Files (x86)\Kodak\Document Imaging\kds_i11xx\Smart Touch\;C:\Suporte\Instaladores\MAVEN\apache-maven-3.9.4\bin;C:\Program Files\MySQL\MySQL Shell 8.0\bin\;C:\Users\Joao Pedro\AppData\Local\Microsoft\WindowsApps;C:\Users\Joao Pedro\AppData\Local\Programs\Microsoft VS Code\bin;C:\Users\Joao Pedro\AppData\Local\Programs\Python\Python311;C:\Program Files\MySQL\MySQL Server 8.0;C:\ProgramData\MySQL\MySQL Server 8.0\my.init;C:\Users\Joao Pedro\AppData\Local\Programs\Python\Python311\Scripts;C:\Program Files\Java\jdk-20\bin;C:\Suporte\Instaladores\MAVEN\apache-maven-3.9.4\bin;;."/>
    <property name="java.vm.info" value="mixed mode, sharing"/>
    <property name="stderr.encoding" value="UTF-8"/>
    <property name="java.vendor" value="Oracle Corporation"/>
    <property name="java.vm.version" value="20.0.2+9-78"/>
    <property name="sun.io.unicode.encoding" value="UnicodeLittle"/>
    <property name="java.class.version" value="64.0"/>
  </properties>
  <testcase name="testApp" classname="com.gerenciamento.produtos.AppTest" time="0.009"/>
</testsuite>